
----------------------------------------------------------------------------------------------------
MissZhangWei 在2024-03-23 18:11:31向liyilian项目的refs/heads/master分支push了1个commit：
pull start --------
$output:array (
  0 => 'fatal: could not read Username for \'https://gitee.com\': No such device or address',
)
$return:1

pull end --------

----------------------------------------------------------------------------------------------------
MissZhangWei 在2024-04-01 10:20:06向liyilian项目的refs/heads/master分支push了1个commit：
pull start --------
$output:array (
  0 => 'fatal: could not read Username for \'https://gitee.com\': No such device or address',
)
$return:1

pull end --------

----------------------------------------------------------------------------------------------------
MissZhangWei 在2024-04-01 18:08:06向liyilian项目的refs/heads/master分支push了1个commit：
pull start --------
$output:array (
  0 => 'fatal: could not read Username for \'https://gitee.com\': No such device or address',
)
$return:1

pull end --------

----------------------------------------------------------------------------------------------------
MissZhangWei 在2024-04-02 10:54:29向liyilian项目的refs/heads/master分支push了1个commit：
pull start --------
$output:array (
  0 => 'fatal: could not read Username for \'https://gitee.com\': No such device or address',
)
$return:1

pull end --------

----------------------------------------------------------------------------------------------------
gxd17610531571 在2024-08-19 11:31:24向liyilian项目的refs/heads/master分支push了1个commit：
pull start --------
$output:array (
  0 => 'fatal: could not read Username for \'https://gitee.com\': No such device or address',
)
$return:1

pull end --------

----------------------------------------------------------------------------------------------------
gxd17610531571 在2024-08-22 18:16:17向liyilian项目的refs/heads/master分支push了1个commit：
pull start --------
$output:array (
  0 => 'fatal: could not read Username for \'https://gitee.com\': No such device or address',
)
$return:1

pull end --------

----------------------------------------------------------------------------------------------------
gxd17610531571 在2024-09-05 17:11:50向liyilian项目的refs/heads/master分支push了1个commit：
pull start --------
$output:array (
  0 => 'fatal: could not read Username for \'https://gitee.com\': No such device or address',
)
$return:1

pull end --------

----------------------------------------------------------------------------------------------------
gxd17610531571 在2024-09-09 09:12:13向liyilian项目的refs/heads/master分支push了1个commit：
pull start --------
$output:array (
  0 => 'fatal: could not read Username for \'https://gitee.com\': No such device or address',
)
$return:1

pull end --------

----------------------------------------------------------------------------------------------------
gxd17610531571 在2024-10-10 10:00:57向liyilian项目的refs/heads/master分支push了1个commit：
pull start --------
$output:array (
  0 => 'fatal: could not read Username for \'https://gitee.com\': No such device or address',
)
$return:1

pull end --------
